生成启动时间为 2022/3/28 16:53:07。
     1>项目“E:\c-code\c-language\指针笔试题\指针笔试题\指针笔试题.vcxproj”在节点 2 上(build 个目标)。
     1>InitializeBuildStatus:
         正在对“Debug\指针笔试题.unsuccessfulbuild”执行 Touch 任务。
       ClCompile:
         f:\c语言\VC\bin\CL.exe /c /ZI /nologo /W3 /WX- /Od /Oy- /D _UNICODE /D UNICODE /Gm /EHsc /RTC1 /MDd /GS /fp:precise /Zc:wchar_t /Zc:forScope /Fo"Debug\\" /Fd"Debug\vc100.pdb" /Gd /TC /analyze- /errorReport:prompt practice.c
         practice.c
     1>e:\c-code\c-language\指针笔试题\指针笔试题\practice.c(44): warning C4048: “int (*)[4]”和“int (*)[5]”数组的下标不同
       Link:
         f:\c语言\VC\bin\link.exe /ERRORREPORT:PROMPT /OUT:"E:\c-code\c-language\指针笔试题\Debug\指针笔试题.exe" /NOLOGO kernel32.lib user32.lib gdi32.lib winspool.lib comdlg32.lib advapi32.lib shell32.lib ole32.lib oleaut32.lib uuid.lib odbc32.lib odbccp32.lib /MANIFEST /ManifestFile:"Debug\指针笔试题.exe.intermediate.manifest" /MANIFESTUAC:"level='asInvoker' uiAccess='false'" /DEBUG /PDB:"E:\c-code\c-language\指针笔试题\Debug\指针笔试题.pdb" /SUBSYSTEM:CONSOLE /TLBID:1 /DYNAMICBASE /NXCOMPAT /IMPLIB:"E:\c-code\c-language\指针笔试题\Debug\指针笔试题.lib" /MACHINE:X86 Debug\practice.obj
         LINK : 没有找到 E:\c-code\c-language\指针笔试题\Debug\指针笔试题.exe 或上一个增量链接没有生成它；正在执行完全链接
         指针笔试题.vcxproj -> E:\c-code\c-language\指针笔试题\Debug\指针笔试题.exe
       Manifest:
         C:\Program Files (x86)\Microsoft SDKs\Windows\v7.0A\bin\mt.exe /nologo /verbose /outputresource:"E:\c-code\c-language\指针笔试题\Debug\指针笔试题.exe;#1" /manifest "Debug\指针笔试题.exe.intermediate.manifest"
       FinalizeBuildStatus:
         正在删除文件“Debug\指针笔试题.unsuccessfulbuild”。
         正在对“Debug\指针笔试题.lastbuildstate”执行 Touch 任务。
     1>已完成生成项目“E:\c-code\c-language\指针笔试题\指针笔试题\指针笔试题.vcxproj”(build 个目标)的操作。

生成成功。

已用时间 00:00:02.10
