生成启动时间为 2022/4/18 17:12:43。
     1>项目“E:\c-code\c-language\文件操作（2）\文件操作（2）\文件操作（2）.vcxproj”在节点 2 上(build 个目标)。
     1>InitializeBuildStatus:
         正在创建“Debug\文件操作（2）.unsuccessfulbuild”，因为已指定“AlwaysCreate”。
       ClCompile:
         f:\c语言\VC\bin\CL.exe /c /ZI /nologo /W3 /WX- /Od /Oy- /D _UNICODE /D UNICODE /Gm /EHsc /RTC1 /MDd /GS /fp:precise /Zc:wchar_t /Zc:forScope /Fo"Debug\\" /Fd"Debug\vc100.pdb" /Gd /TC /analyze- /errorReport:prompt 04_18.c
         04_18.c
     1>e:\c-code\c-language\文件操作（2）\文件操作（2）\04_18.c(122): warning C4996: 'sprintf': This function or variable may be unsafe. Consider using sprintf_s instead. To disable deprecation, use _CRT_SECURE_NO_WARNINGS. See online help for details.
                 f:\c语言\vc\include\stdio.h(371) : 参见“sprintf”的声明
     1>e:\c-code\c-language\文件操作（2）\文件操作（2）\04_18.c(124): warning C4996: 'sscanf': This function or variable may be unsafe. Consider using sscanf_s instead. To disable deprecation, use _CRT_SECURE_NO_WARNINGS. See online help for details.
                 f:\c语言\vc\include\stdio.h(325) : 参见“sscanf”的声明
       Link:
         f:\c语言\VC\bin\link.exe /ERRORREPORT:PROMPT /OUT:"E:\c-code\c-language\文件操作（2）\Debug\文件操作（2）.exe" /NOLOGO kernel32.lib user32.lib gdi32.lib winspool.lib comdlg32.lib advapi32.lib shell32.lib ole32.lib oleaut32.lib uuid.lib odbc32.lib odbccp32.lib /MANIFEST /ManifestFile:"Debug\文件操作（2）.exe.intermediate.manifest" /MANIFESTUAC:"level='asInvoker' uiAccess='false'" /DEBUG /PDB:"E:\c-code\c-language\文件操作（2）\Debug\文件操作（2）.pdb" /SUBSYSTEM:CONSOLE /TLBID:1 /DYNAMICBASE /NXCOMPAT /IMPLIB:"E:\c-code\c-language\文件操作（2）\Debug\文件操作（2）.lib" /MACHINE:X86 Debug\04_18.obj
         LINK : 没有找到 E:\c-code\c-language\文件操作（2）\Debug\文件操作（2）.exe 或上一个增量链接没有生成它；正在执行完全链接
         文件操作（2）.vcxproj -> E:\c-code\c-language\文件操作（2）\Debug\文件操作（2）.exe
       Manifest:
         C:\Program Files (x86)\Microsoft SDKs\Windows\v7.0A\bin\mt.exe /nologo /verbose /outputresource:"E:\c-code\c-language\文件操作（2）\Debug\文件操作（2）.exe;#1" /manifest "Debug\文件操作（2）.exe.intermediate.manifest"
       FinalizeBuildStatus:
         正在删除文件“Debug\文件操作（2）.unsuccessfulbuild”。
         正在对“Debug\文件操作（2）.lastbuildstate”执行 Touch 任务。
     1>已完成生成项目“E:\c-code\c-language\文件操作（2）\文件操作（2）\文件操作（2）.vcxproj”(build 个目标)的操作。

生成成功。

已用时间 00:00:03.01
