生成启动时间为 2022/4/12 19:12:16。
     1>项目“E:\c-code\c-language\pra_04_12\pra_04_12\pra_04_12.vcxproj”在节点 2 上(build 个目标)。
     1>InitializeBuildStatus:
         正在创建“Debug\pra_04_12.unsuccessfulbuild”，因为已指定“AlwaysCreate”。
       ClCompile:
         f:\c语言\VC\bin\CL.exe /c /ZI /nologo /W3 /WX- /Od /Oy- /D _MBCS /Gm /EHsc /RTC1 /MDd /GS /fp:precise /Zc:wchar_t /Zc:forScope /Fo"Debug\\" /Fd"Debug\vc100.pdb" /Gd /TC /analyze- /errorReport:prompt 04_12.c
         04_12.c
     1>e:\c-code\c-language\pra_04_12\pra_04_12\04_12.c(17): warning C4996: 'fopen': This function or variable may be unsafe. Consider using fopen_s instead. To disable deprecation, use _CRT_SECURE_NO_WARNINGS. See online help for details.
                 f:\c语言\vc\include\stdio.h(234) : 参见“fopen”的声明
     1>e:\c-code\c-language\pra_04_12\pra_04_12\04_12.c(22): warning C4996: 'gets': This function or variable may be unsafe. Consider using gets_s instead. To disable deprecation, use _CRT_SECURE_NO_WARNINGS. See online help for details.
                 f:\c语言\vc\include\stdio.h(277) : 参见“gets”的声明
       Link:
         f:\c语言\VC\bin\link.exe /ERRORREPORT:PROMPT /OUT:"E:\c-code\c-language\pra_04_12\Debug\pra_04_12.exe" /NOLOGO kernel32.lib user32.lib gdi32.lib winspool.lib comdlg32.lib advapi32.lib shell32.lib ole32.lib oleaut32.lib uuid.lib odbc32.lib odbccp32.lib /MANIFEST /ManifestFile:"Debug\pra_04_12.exe.intermediate.manifest" /MANIFESTUAC:"level='asInvoker' uiAccess='false'" /DEBUG /PDB:"E:\c-code\c-language\pra_04_12\Debug\pra_04_12.pdb" /SUBSYSTEM:CONSOLE /TLBID:1 /DYNAMICBASE /NXCOMPAT /IMPLIB:"E:\c-code\c-language\pra_04_12\Debug\pra_04_12.lib" /MACHINE:X86 Debug\04_12.obj
         LINK : 没有找到 E:\c-code\c-language\pra_04_12\Debug\pra_04_12.exe 或上一个增量链接没有生成它；正在执行完全链接
         pra_04_12.vcxproj -> E:\c-code\c-language\pra_04_12\Debug\pra_04_12.exe
       Manifest:
         C:\Program Files (x86)\Microsoft SDKs\Windows\v7.0A\bin\mt.exe /nologo /verbose /outputresource:"E:\c-code\c-language\pra_04_12\Debug\pra_04_12.exe;#1" /manifest Debug\pra_04_12.exe.intermediate.manifest
       FinalizeBuildStatus:
         正在删除文件“Debug\pra_04_12.unsuccessfulbuild”。
         正在对“Debug\pra_04_12.lastbuildstate”执行 Touch 任务。
     1>已完成生成项目“E:\c-code\c-language\pra_04_12\pra_04_12\pra_04_12.vcxproj”(build 个目标)的操作。

生成成功。

已用时间 00:00:01.36
