生成启动时间为 2022/4/9 20:50:54。
     1>项目“E:\c-code\c-language\动态分配内存\动态分配内存\动态分配内存.vcxproj”在节点 2 上(build 个目标)。
     1>InitializeBuildStatus:
         正在对“Debug\动态分配内存.unsuccessfulbuild”执行 Touch 任务。
       ClCompile:
         f:\c语言\VC\bin\CL.exe /c /ZI /nologo /W3 /WX- /Od /Oy- /D _UNICODE /D UNICODE /Gm /EHsc /RTC1 /MDd /GS /fp:precise /Zc:wchar_t /Zc:forScope /Fo"Debug\\" /Fd"Debug\vc100.pdb" /Gd /TC /analyze- /errorReport:prompt malloc_realloc.c
         malloc_realloc.c
     1>e:\c-code\c-language\动态分配内存\动态分配内存\malloc_realloc.c(13): warning C4996: 'strerror': This function or variable may be unsafe. Consider using strerror_s instead. To disable deprecation, use _CRT_SECURE_NO_WARNINGS. See online help for details.
                 f:\c语言\vc\include\string.h(157) : 参见“strerror”的声明
       Link:
         f:\c语言\VC\bin\link.exe /ERRORREPORT:PROMPT /OUT:"E:\c-code\c-language\动态分配内存\Debug\动态分配内存.exe" /NOLOGO kernel32.lib user32.lib gdi32.lib winspool.lib comdlg32.lib advapi32.lib shell32.lib ole32.lib oleaut32.lib uuid.lib odbc32.lib odbccp32.lib /MANIFEST /ManifestFile:"Debug\动态分配内存.exe.intermediate.manifest" /MANIFESTUAC:"level='asInvoker' uiAccess='false'" /DEBUG /PDB:"E:\c-code\c-language\动态分配内存\Debug\动态分配内存.pdb" /SUBSYSTEM:CONSOLE /TLBID:1 /DYNAMICBASE /NXCOMPAT /IMPLIB:"E:\c-code\c-language\动态分配内存\Debug\动态分配内存.lib" /MACHINE:X86 Debug\malloc_realloc.obj
         LINK : 没有找到 E:\c-code\c-language\动态分配内存\Debug\动态分配内存.exe 或上一个增量链接没有生成它；正在执行完全链接
         动态分配内存.vcxproj -> E:\c-code\c-language\动态分配内存\Debug\动态分配内存.exe
       Manifest:
         C:\Program Files (x86)\Microsoft SDKs\Windows\v7.0A\bin\mt.exe /nologo /verbose /outputresource:"E:\c-code\c-language\动态分配内存\Debug\动态分配内存.exe;#1" /manifest "Debug\动态分配内存.exe.intermediate.manifest"
       FinalizeBuildStatus:
         正在删除文件“Debug\动态分配内存.unsuccessfulbuild”。
         正在对“Debug\动态分配内存.lastbuildstate”执行 Touch 任务。
     1>已完成生成项目“E:\c-code\c-language\动态分配内存\动态分配内存\动态分配内存.vcxproj”(build 个目标)的操作。

生成成功。

已用时间 00:00:01.04
