生成启动时间为 2022/3/26 14:28:55。
     1>项目“F:\c语言\c语言素数\c语言素数\c语言素数.vcxproj”在节点 2 上(build 个目标)。
     1>InitializeBuildStatus:
         正在创建“Debug\c语言素数.unsuccessfulbuild”，因为已指定“AlwaysCreate”。
       ClCompile:
         f:\c语言\VC\bin\CL.exe /c /ZI /nologo /W3 /WX- /Od /Oy- /D _UNICODE /D UNICODE /Gm /EHsc /RTC1 /MDd /GS /fp:precise /Zc:wchar_t /Zc:forScope /Fo"Debug\\" /Fd"Debug\vc100.pdb" /Gd /TC /analyze- /errorReport:prompt "素数.c"
         素数.c
     1>f:\c语言\c语言素数\c语言素数\素数.c(7): warning C4996: 'scanf': This function or variable may be unsafe. Consider using scanf_s instead. To disable deprecation, use _CRT_SECURE_NO_WARNINGS. See online help for details.
                 f:\c语言\vc\include\stdio.h(304) : 参见“scanf”的声明
       Link:
         f:\c语言\VC\bin\link.exe /ERRORREPORT:PROMPT /OUT:"F:\c语言\c语言素数\Debug\c语言素数.exe" /NOLOGO kernel32.lib user32.lib gdi32.lib winspool.lib comdlg32.lib advapi32.lib shell32.lib ole32.lib oleaut32.lib uuid.lib odbc32.lib odbccp32.lib /MANIFEST /ManifestFile:"Debug\c语言素数.exe.intermediate.manifest" /MANIFESTUAC:"level='asInvoker' uiAccess='false'" /DEBUG /PDB:"F:\c语言\c语言素数\Debug\c语言素数.pdb" /SUBSYSTEM:CONSOLE /TLBID:1 /DYNAMICBASE /NXCOMPAT /IMPLIB:"F:\c语言\c语言素数\Debug\c语言素数.lib" /MACHINE:X86 "Debug\素数.obj"
         LINK : 没有找到 F:\c语言\c语言素数\Debug\c语言素数.exe 或上一个增量链接没有生成它；正在执行完全链接
         c语言素数.vcxproj -> F:\c语言\c语言素数\Debug\c语言素数.exe
       Manifest:
         C:\Program Files (x86)\Microsoft SDKs\Windows\v7.0A\bin\mt.exe /nologo /verbose /outputresource:"F:\c语言\c语言素数\Debug\c语言素数.exe;#1" /manifest "Debug\c语言素数.exe.intermediate.manifest"
       FinalizeBuildStatus:
         正在删除文件“Debug\c语言素数.unsuccessfulbuild”。
         正在对“Debug\c语言素数.lastbuildstate”执行 Touch 任务。
     1>已完成生成项目“F:\c语言\c语言素数\c语言素数\c语言素数.vcxproj”(build 个目标)的操作。

生成成功。

已用时间 00:00:01.20
